<?xml version="1.0" encoding="UTF-8"?>
<testng-results ignored="0" total="2" passed="2" failed="0" skipped="0">
  <reporter-output>
  </reporter-output>
  <suite started-at="2022-08-02T07:20:56 IST" name="Default suite" finished-at="2022-08-02T07:21:33 IST" duration-ms="36963">
    <groups>
    </groups>
    <test started-at="2022-08-02T07:20:56 IST" name="Default test" finished-at="2022-08-02T07:21:33 IST" duration-ms="36963">
      <class name="App.Test.pages.TestPage2">
        <test-method is-config="true" signature="initlization()[pri:0, instance:App.Test.pages.TestPage2@2c1b194a]" started-at="2022-08-02T07:20:56 IST" name="initlization" finished-at="2022-08-02T07:21:11 IST" duration-ms="15166" status="PASS">
          <reporter-output>
          </reporter-output>
        </test-method> <!-- initlization -->
        <test-method is-config="true" signature="Browser_initilization()[pri:0, instance:App.Test.pages.TestPage2@2c1b194a]" started-at="2022-08-02T07:21:11 IST" name="Browser_initilization" finished-at="2022-08-02T07:21:22 IST" duration-ms="10739" status="PASS">
          <reporter-output>
          </reporter-output>
        </test-method> <!-- Browser_initilization -->
        <test-method signature="Validate_FieldElement_text()[pri:0, instance:App.Test.pages.TestPage2@2c1b194a]" started-at="2022-08-02T07:21:22 IST" name="Validate_FieldElement_text" finished-at="2022-08-02T07:21:27 IST" duration-ms="5570" status="PASS">
          <reporter-output>
          </reporter-output>
        </test-method> <!-- Validate_FieldElement_text -->
        <test-method signature="Validate_FieldElement_texts()[pri:1, instance:App.Test.pages.TestPage2@2c1b194a]" started-at="2022-08-02T07:21:27 IST" name="Validate_FieldElement_texts" finished-at="2022-08-02T07:21:32 IST" duration-ms="5172" status="PASS">
          <reporter-output>
          </reporter-output>
        </test-method> <!-- Validate_FieldElement_texts -->
        <test-method is-config="true" signature="TearDown()[pri:0, instance:App.Test.pages.TestPage2@2c1b194a]" started-at="2022-08-02T07:21:32 IST" name="TearDown" finished-at="2022-08-02T07:21:33 IST" duration-ms="244" status="PASS">
          <reporter-output>
          </reporter-output>
        </test-method> <!-- TearDown -->
      </class> <!-- App.Test.pages.TestPage2 -->
    </test> <!-- Default test -->
  </suite> <!-- Default suite -->
</testng-results>
